[2013-10-25 16:18:51] Connection error: Access denied for user 'root'@'localhost' (using password: NO) <>
[2013-10-25 16:18:51] Could node connect for query: SELECT `id` , `parent_id` , `position` , `left` , `right` , `level` , `title` , `type` FROM `tree` WHERE `parent_id` = 1 ORDER BY `position` ASC <>
[2013-10-25 16:18:51] No query pending <>
[2013-10-25 16:18:51] TRUNCATE TABLE `tree` <>
[2013-10-25 16:18:51] INSERT INTO `tree` (`id`, `parent_id`, `position`, `left`, `right`, `level` ) VALUES (1, 0, 0, 1, 2, 0 ) <>
[2013-10-25 16:18:51] SELECT `id` , `parent_id` , `position` , `left` , `right` , `level` , `title` , `type` FROM `tree` WHERE `id` = 0 <>
[2013-10-25 16:18:51] No query pending <>
[2013-10-25 16:18:51] nf: no result set <>
[2013-10-25 16:18:51] SELECT `id` , `parent_id` , `position` , `left` , `right` , `level` , `title` , `type` FROM `tree` WHERE `parent_id` = 0 ORDER BY `position` ASC <>
[2013-10-25 16:18:51] No query pending <>
[2013-10-25 16:18:51] SELECT `id` , `parent_id` , `position` , `left` , `right` , `level` , `title` , `type` FROM `tree` WHERE `id` = 1 <>
[2013-10-25 16:18:51] No query pending <>
[2013-10-25 16:18:51] nf: no result set <>
[2013-10-25 16:18:51] SELECT `id` , `parent_id` , `position` , `left` , `right` , `level` , `title` , `type` FROM `tree` WHERE `parent_id` = 1 ORDER BY `position` ASC <>
[2013-10-25 16:18:51] No query pending <>
[2013-10-25 16:18:51] UPDATE `tree` SET `position` = `position` + 1 WHERE `parent_id` = 1 AND `position` >= 0  AND `id` NOT IN (-1)  <>
[2013-10-25 16:18:51] UPDATE `tree` SET `left` = `left` + 2 WHERE `left` >= 1  AND `id` NOT IN (-1)  <>
[2013-10-25 16:18:51] UPDATE `tree` SET `right` = `right` + 2 WHERE `right` >= 1  AND `id` NOT IN (-1)  <>
[2013-10-25 16:18:51] INSERT INTO `tree` (`parent_id`, `position`, `left`, `right`, `level` ) VALUES (1, 0, 1, 2, 1) <>
[2013-10-25 16:18:51] SELECT `id` , `parent_id` , `position` , `left` , `right` , `level` , `title` , `type` FROM `tree` WHERE `id` = 0 <>
[2013-10-25 16:18:51] No query pending <>
[2013-10-25 16:18:51] nf: no result set <>
[2013-10-25 16:18:51] SELECT `id` , `parent_id` , `position` , `left` , `right` , `level` , `title` , `type` FROM `tree` WHERE `parent_id` = 0 ORDER BY `position` ASC <>
[2013-10-25 16:18:51] No query pending <>
[2013-10-25 16:18:51] SELECT `id` , `parent_id` , `position` , `left` , `right` , `level` , `title` , `type` FROM `tree` WHERE `id` = 1 <>
[2013-10-25 16:18:51] No query pending <>
[2013-10-25 16:18:51] nf: no result set <>
[2013-10-25 16:18:51] SELECT `id` , `parent_id` , `position` , `left` , `right` , `level` , `title` , `type` FROM `tree` WHERE `parent_id` = 1 ORDER BY `position` ASC <>
[2013-10-25 16:18:51] No query pending <>
[2013-10-25 16:18:51] UPDATE `tree` SET `position` = `position` + 1 WHERE `parent_id` = 1 AND `position` >= 0  AND `id` NOT IN (-1)  <>
[2013-10-25 16:18:51] UPDATE `tree` SET `left` = `left` + 2 WHERE `left` >= 1  AND `id` NOT IN (-1)  <>
[2013-10-25 16:18:51] UPDATE `tree` SET `right` = `right` + 2 WHERE `right` >= 1  AND `id` NOT IN (-1)  <>
[2013-10-25 16:18:51] INSERT INTO `tree` (`parent_id`, `position`, `left`, `right`, `level` ) VALUES (1, 0, 1, 2, 1) <>
[2013-10-25 16:18:51] SELECT `id` , `parent_id` , `position` , `left` , `right` , `level` , `title` , `type` FROM `tree` WHERE `id` = 0 <>
[2013-10-25 16:18:51] No query pending <>
[2013-10-25 16:18:51] nf: no result set <>
[2013-10-25 16:18:51] SELECT `id` , `parent_id` , `position` , `left` , `right` , `level` , `title` , `type` FROM `tree` WHERE `parent_id` = 0 ORDER BY `position` ASC <>
[2013-10-25 16:18:51] No query pending <>
[2013-10-25 16:18:51] SELECT `id` , `parent_id` , `position` , `left` , `right` , `level` , `title` , `type` FROM `tree` WHERE `id` = 2 <>
[2013-10-25 16:18:51] No query pending <>
[2013-10-25 16:18:51] nf: no result set <>
[2013-10-25 16:18:51] SELECT `id` , `parent_id` , `position` , `left` , `right` , `level` , `title` , `type` FROM `tree` WHERE `parent_id` = 2 ORDER BY `position` ASC <>
[2013-10-25 16:18:51] No query pending <>
[2013-10-25 16:18:51] UPDATE `tree` SET `position` = `position` + 1 WHERE `parent_id` = 2 AND `position` >= 0  AND `id` NOT IN (-1)  <>
[2013-10-25 16:18:51] UPDATE `tree` SET `left` = `left` + 2 WHERE `left` >= 1  AND `id` NOT IN (-1)  <>
[2013-10-25 16:18:51] UPDATE `tree` SET `right` = `right` + 2 WHERE `right` >= 1  AND `id` NOT IN (-1)  <>
[2013-10-25 16:18:51] INSERT INTO `tree` (`parent_id`, `position`, `left`, `right`, `level` ) VALUES (2, 0, 1, 2, 1) <>
[2013-10-25 16:18:51] SELECT `id` , `parent_id` , `position` , `left` , `right` , `level` , `title` , `type` FROM `tree` WHERE `id` = 0 <>
[2013-10-25 16:18:51] No query pending <>
[2013-10-25 16:18:51] nf: no result set <>
[2013-10-25 16:18:51] SELECT `id` , `parent_id` , `position` , `left` , `right` , `level` , `title` , `type` FROM `tree` WHERE `parent_id` = 0 ORDER BY `position` ASC <>
[2013-10-25 16:18:51] No query pending <>
[2013-10-25 16:18:51] SELECT `id` , `parent_id` , `position` , `left` , `right` , `level` , `title` , `type` FROM `tree` WHERE `id` = 2 <>
[2013-10-25 16:18:51] No query pending <>
[2013-10-25 16:18:51] nf: no result set <>
[2013-10-25 16:18:51] SELECT `id` , `parent_id` , `position` , `left` , `right` , `level` , `title` , `type` FROM `tree` WHERE `parent_id` = 2 ORDER BY `position` ASC <>
[2013-10-25 16:18:51] No query pending <>
[2013-10-25 16:18:51] UPDATE `tree` SET `position` = `position` + 1 WHERE `parent_id` = 2 AND `position` >= 0  AND `id` NOT IN (-1)  <>
[2013-10-25 16:18:51] UPDATE `tree` SET `left` = `left` + 2 WHERE `left` >= 1  AND `id` NOT IN (-1)  <>
[2013-10-25 16:18:51] UPDATE `tree` SET `right` = `right` + 2 WHERE `right` >= 1  AND `id` NOT IN (-1)  <>
[2013-10-25 16:18:51] INSERT INTO `tree` (`parent_id`, `position`, `left`, `right`, `level` ) VALUES (2, 0, 1, 2, 1) <>
[2013-10-25 16:18:51] SELECT `id` , `parent_id` , `position` , `left` , `right` , `level` , `title` , `type` FROM `tree` WHERE `id` = 0 <>
[2013-10-25 16:18:51] No query pending <>
[2013-10-25 16:18:51] nf: no result set <>
[2013-10-25 16:18:51] SELECT `id` , `parent_id` , `position` , `left` , `right` , `level` , `title` , `type` FROM `tree` WHERE `parent_id` = 0 ORDER BY `position` ASC <>
[2013-10-25 16:18:51] No query pending <>
[2013-10-25 16:18:51] SELECT `id` , `parent_id` , `position` , `left` , `right` , `level` , `title` , `type` FROM `tree` WHERE `id` = 4 <>
[2013-10-25 16:18:51] No query pending <>
[2013-10-25 16:18:51] nf: no result set <>
[2013-10-25 16:18:51] SELECT `id` , `parent_id` , `position` , `left` , `right` , `level` , `title` , `type` FROM `tree` WHERE `parent_id` = 4 ORDER BY `position` ASC <>
[2013-10-25 16:18:51] No query pending <>
[2013-10-25 16:18:51] UPDATE `tree` SET `position` = `position` + 1 WHERE `parent_id` = 4 AND `position` >= 0  AND `id` NOT IN (-1)  <>
[2013-10-25 16:18:51] UPDATE `tree` SET `left` = `left` + 2 WHERE `left` >= 1  AND `id` NOT IN (-1)  <>
[2013-10-25 16:18:51] UPDATE `tree` SET `right` = `right` + 2 WHERE `right` >= 1  AND `id` NOT IN (-1)  <>
[2013-10-25 16:18:51] INSERT INTO `tree` (`parent_id`, `position`, `left`, `right`, `level` ) VALUES (4, 0, 1, 2, 1) <>
[2013-10-25 16:18:51] SELECT `id` , `parent_id` , `position` , `left` , `right` , `level` , `title` , `type` FROM `tree` WHERE `id` = 0 <>
[2013-10-25 16:18:51] No query pending <>
[2013-10-25 16:18:51] nf: no result set <>
[2013-10-25 16:18:51] SELECT `id` , `parent_id` , `position` , `left` , `right` , `level` , `title` , `type` FROM `tree` WHERE `parent_id` = 0 ORDER BY `position` ASC <>
[2013-10-25 16:18:51] No query pending <>
[2013-10-25 16:18:51] SELECT `id` , `parent_id` , `position` , `left` , `right` , `level` , `title` , `type` FROM `tree` WHERE `id` = 5 <>
[2013-10-25 16:18:51] No query pending <>
[2013-10-25 16:18:51] nf: no result set <>
[2013-10-25 16:18:51] SELECT `id` , `parent_id` , `position` , `left` , `right` , `level` , `title` , `type` FROM `tree` WHERE `parent_id` = 5 ORDER BY `position` ASC <>
[2013-10-25 16:18:51] No query pending <>
[2013-10-25 16:18:51] UPDATE `tree` SET `position` = `position` + 1 WHERE `parent_id` = 5 AND `position` >= 0  AND `id` NOT IN (-1)  <>
[2013-10-25 16:18:51] UPDATE `tree` SET `left` = `left` + 2 WHERE `left` >= 1  AND `id` NOT IN (-1)  <>
[2013-10-25 16:18:51] UPDATE `tree` SET `right` = `right` + 2 WHERE `right` >= 1  AND `id` NOT IN (-1)  <>
[2013-10-25 16:18:51] INSERT INTO `tree` (`parent_id`, `position`, `left`, `right`, `level` ) VALUES (5, 0, 1, 2, 1) <>
[2013-10-25 16:18:51] SELECT `id` , `parent_id` , `position` , `left` , `right` , `level` , `title` , `type` FROM `tree` WHERE `parent_id` = 1 ORDER BY `position` ASC <>
[2013-10-25 16:18:51] No query pending <>
[2013-10-25 16:20:20] Connection error: Access denied for user 'root'@'localhost' (using password: NO) <>
[2013-10-25 16:20:20] Could node connect for query: CREATE TEMPORARY TABLE `temp_tree` (`id` INTEGER NOT NULL, `parent_id` INTEGER NOT NULL, `position` INTEGER NOT NULL) type=HEAP <>
[2013-10-25 16:20:20] INSERT INTO `temp_tree` SELECT `id`, `parent_id`, `position` FROM `tree` <>
[2013-10-25 16:20:20] CREATE TEMPORARY TABLE `temp_stack` (`id` INTEGER NOT NULL, `left` INTEGER, `right` INTEGER, `level` INTEGER, `stack_top` INTEGER NOT NULL, `parent_id` INTEGER, `position` INTEGER ) type=HEAP <>
[2013-10-25 16:20:20] SELECT COUNT(*) FROM temp_tree <>
[2013-10-25 16:20:20] No query pending <>
[2013-10-25 16:20:20] INSERT INTO `temp_stack` SELECT `id`, 1, NULL, 0, 1, `parent_id`, `position` FROM `temp_tree` WHERE `parent_id` = 0 <>
[2013-10-25 16:20:20] DELETE FROM `temp_tree` WHERE `parent_id` = 0 <>
[2013-10-25 16:20:20] CREATE TEMPORARY TABLE `temp_tree2` SELECT `id`, `title`, `type` FROM `tree`  <>
[2013-10-25 16:20:20] TRUNCATE TABLE `tree` <>
[2013-10-25 16:20:20] INSERT INTO tree (`id`, `parent_id`, `position`, `left`, `right`, `level` ) SELECT `id`, `parent_id`, `position`, `left`, `right`, `level` FROM temp_stack ORDER BY `id` <>
[2013-10-25 16:20:20] UPDATE `tree` v, `temp_tree2` SET v.`id` = v.`id` , v.`title` = `temp_tree2`.`title` , v.`type` = `temp_tree2`.`type`  WHERE v.`id` = `temp_tree2`.`id`  <>
[2013-10-25 16:20:20] Connection error: Access denied for user 'root'@'localhost' (using password: NO) <>
[2013-10-25 16:20:20] Could node connect for query: SELECT `id` , `parent_id` , `position` , `left` , `right` , `level` , `title` , `type` FROM `tree` WHERE `parent_id` = 1 ORDER BY `position` ASC <>
[2013-10-25 16:20:20] No query pending <>
[2013-10-25 16:20:20] TRUNCATE TABLE `tree` <>
[2013-10-25 16:20:20] INSERT INTO `tree` (`id`, `parent_id`, `position`, `left`, `right`, `level` ) VALUES (1, 0, 0, 1, 2, 0 ) <>
[2013-10-25 16:20:20] SELECT `id` , `parent_id` , `position` , `left` , `right` , `level` , `title` , `type` FROM `tree` WHERE `id` = 0 <>
[2013-10-25 16:20:20] No query pending <>
[2013-10-25 16:20:20] nf: no result set <>
[2013-10-25 16:20:20] SELECT `id` , `parent_id` , `position` , `left` , `right` , `level` , `title` , `type` FROM `tree` WHERE `parent_id` = 0 ORDER BY `position` ASC <>
[2013-10-25 16:20:20] No query pending <>
[2013-10-25 16:20:20] SELECT `id` , `parent_id` , `position` , `left` , `right` , `level` , `title` , `type` FROM `tree` WHERE `id` = 1 <>
[2013-10-25 16:20:20] No query pending <>
[2013-10-25 16:20:20] nf: no result set <>
[2013-10-25 16:20:20] SELECT `id` , `parent_id` , `position` , `left` , `right` , `level` , `title` , `type` FROM `tree` WHERE `parent_id` = 1 ORDER BY `position` ASC <>
[2013-10-25 16:20:20] No query pending <>
[2013-10-25 16:20:20] UPDATE `tree` SET `position` = `position` + 1 WHERE `parent_id` = 1 AND `position` >= 0  AND `id` NOT IN (-1)  <>
[2013-10-25 16:20:20] UPDATE `tree` SET `left` = `left` + 2 WHERE `left` >= 1  AND `id` NOT IN (-1)  <>
[2013-10-25 16:20:20] UPDATE `tree` SET `right` = `right` + 2 WHERE `right` >= 1  AND `id` NOT IN (-1)  <>
[2013-10-25 16:20:20] INSERT INTO `tree` (`parent_id`, `position`, `left`, `right`, `level` ) VALUES (1, 0, 1, 2, 1) <>
[2013-10-25 16:20:20] SELECT `id` , `parent_id` , `position` , `left` , `right` , `level` , `title` , `type` FROM `tree` WHERE `id` = 0 <>
[2013-10-25 16:20:20] No query pending <>
[2013-10-25 16:20:20] nf: no result set <>
[2013-10-25 16:20:20] SELECT `id` , `parent_id` , `position` , `left` , `right` , `level` , `title` , `type` FROM `tree` WHERE `parent_id` = 0 ORDER BY `position` ASC <>
[2013-10-25 16:20:20] No query pending <>
[2013-10-25 16:20:20] SELECT `id` , `parent_id` , `position` , `left` , `right` , `level` , `title` , `type` FROM `tree` WHERE `id` = 1 <>
[2013-10-25 16:20:20] No query pending <>
[2013-10-25 16:20:20] nf: no result set <>
[2013-10-25 16:20:20] SELECT `id` , `parent_id` , `position` , `left` , `right` , `level` , `title` , `type` FROM `tree` WHERE `parent_id` = 1 ORDER BY `position` ASC <>
[2013-10-25 16:20:20] No query pending <>
[2013-10-25 16:20:20] UPDATE `tree` SET `position` = `position` + 1 WHERE `parent_id` = 1 AND `position` >= 0  AND `id` NOT IN (-1)  <>
[2013-10-25 16:20:20] UPDATE `tree` SET `left` = `left` + 2 WHERE `left` >= 1  AND `id` NOT IN (-1)  <>
[2013-10-25 16:20:20] UPDATE `tree` SET `right` = `right` + 2 WHERE `right` >= 1  AND `id` NOT IN (-1)  <>
[2013-10-25 16:20:20] INSERT INTO `tree` (`parent_id`, `position`, `left`, `right`, `level` ) VALUES (1, 0, 1, 2, 1) <>
[2013-10-25 16:20:20] SELECT `id` , `parent_id` , `position` , `left` , `right` , `level` , `title` , `type` FROM `tree` WHERE `id` = 0 <>
[2013-10-25 16:20:20] No query pending <>
[2013-10-25 16:20:20] nf: no result set <>
[2013-10-25 16:20:20] SELECT `id` , `parent_id` , `position` , `left` , `right` , `level` , `title` , `type` FROM `tree` WHERE `parent_id` = 0 ORDER BY `position` ASC <>
[2013-10-25 16:20:20] No query pending <>
[2013-10-25 16:20:20] SELECT `id` , `parent_id` , `position` , `left` , `right` , `level` , `title` , `type` FROM `tree` WHERE `id` = 2 <>
[2013-10-25 16:20:20] No query pending <>
[2013-10-25 16:20:20] nf: no result set <>
[2013-10-25 16:20:20] SELECT `id` , `parent_id` , `position` , `left` , `right` , `level` , `title` , `type` FROM `tree` WHERE `parent_id` = 2 ORDER BY `position` ASC <>
[2013-10-25 16:20:20] No query pending <>
[2013-10-25 16:20:20] UPDATE `tree` SET `position` = `position` + 1 WHERE `parent_id` = 2 AND `position` >= 0  AND `id` NOT IN (-1)  <>
[2013-10-25 16:20:20] UPDATE `tree` SET `left` = `left` + 2 WHERE `left` >= 1  AND `id` NOT IN (-1)  <>
[2013-10-25 16:20:20] UPDATE `tree` SET `right` = `right` + 2 WHERE `right` >= 1  AND `id` NOT IN (-1)  <>
[2013-10-25 16:20:20] INSERT INTO `tree` (`parent_id`, `position`, `left`, `right`, `level` ) VALUES (2, 0, 1, 2, 1) <>
[2013-10-25 16:20:20] SELECT `id` , `parent_id` , `position` , `left` , `right` , `level` , `title` , `type` FROM `tree` WHERE `id` = 0 <>
[2013-10-25 16:20:20] No query pending <>
[2013-10-25 16:20:20] nf: no result set <>
[2013-10-25 16:20:20] SELECT `id` , `parent_id` , `position` , `left` , `right` , `level` , `title` , `type` FROM `tree` WHERE `parent_id` = 0 ORDER BY `position` ASC <>
[2013-10-25 16:20:20] No query pending <>
[2013-10-25 16:20:20] SELECT `id` , `parent_id` , `position` , `left` , `right` , `level` , `title` , `type` FROM `tree` WHERE `id` = 2 <>
[2013-10-25 16:20:20] No query pending <>
[2013-10-25 16:20:20] nf: no result set <>
[2013-10-25 16:20:20] SELECT `id` , `parent_id` , `position` , `left` , `right` , `level` , `title` , `type` FROM `tree` WHERE `parent_id` = 2 ORDER BY `position` ASC <>
[2013-10-25 16:20:20] No query pending <>
[2013-10-25 16:20:20] UPDATE `tree` SET `position` = `position` + 1 WHERE `parent_id` = 2 AND `position` >= 0  AND `id` NOT IN (-1)  <>
[2013-10-25 16:20:20] UPDATE `tree` SET `left` = `left` + 2 WHERE `left` >= 1  AND `id` NOT IN (-1)  <>
[2013-10-25 16:20:20] UPDATE `tree` SET `right` = `right` + 2 WHERE `right` >= 1  AND `id` NOT IN (-1)  <>
[2013-10-25 16:20:20] INSERT INTO `tree` (`parent_id`, `position`, `left`, `right`, `level` ) VALUES (2, 0, 1, 2, 1) <>
[2013-10-25 16:20:20] SELECT `id` , `parent_id` , `position` , `left` , `right` , `level` , `title` , `type` FROM `tree` WHERE `id` = 0 <>
[2013-10-25 16:20:20] No query pending <>
[2013-10-25 16:20:20] nf: no result set <>
[2013-10-25 16:20:20] SELECT `id` , `parent_id` , `position` , `left` , `right` , `level` , `title` , `type` FROM `tree` WHERE `parent_id` = 0 ORDER BY `position` ASC <>
[2013-10-25 16:20:20] No query pending <>
[2013-10-25 16:20:20] SELECT `id` , `parent_id` , `position` , `left` , `right` , `level` , `title` , `type` FROM `tree` WHERE `id` = 4 <>
[2013-10-25 16:20:20] No query pending <>
[2013-10-25 16:20:20] nf: no result set <>
[2013-10-25 16:20:20] SELECT `id` , `parent_id` , `position` , `left` , `right` , `level` , `title` , `type` FROM `tree` WHERE `parent_id` = 4 ORDER BY `position` ASC <>
[2013-10-25 16:20:20] No query pending <>
[2013-10-25 16:20:20] UPDATE `tree` SET `position` = `position` + 1 WHERE `parent_id` = 4 AND `position` >= 0  AND `id` NOT IN (-1)  <>
[2013-10-25 16:20:20] UPDATE `tree` SET `left` = `left` + 2 WHERE `left` >= 1  AND `id` NOT IN (-1)  <>
[2013-10-25 16:20:20] UPDATE `tree` SET `right` = `right` + 2 WHERE `right` >= 1  AND `id` NOT IN (-1)  <>
[2013-10-25 16:20:20] INSERT INTO `tree` (`parent_id`, `position`, `left`, `right`, `level` ) VALUES (4, 0, 1, 2, 1) <>
[2013-10-25 16:20:20] SELECT `id` , `parent_id` , `position` , `left` , `right` , `level` , `title` , `type` FROM `tree` WHERE `id` = 0 <>
[2013-10-25 16:20:20] No query pending <>
[2013-10-25 16:20:20] nf: no result set <>
[2013-10-25 16:20:20] SELECT `id` , `parent_id` , `position` , `left` , `right` , `level` , `title` , `type` FROM `tree` WHERE `parent_id` = 0 ORDER BY `position` ASC <>
[2013-10-25 16:20:20] No query pending <>
[2013-10-25 16:20:20] SELECT `id` , `parent_id` , `position` , `left` , `right` , `level` , `title` , `type` FROM `tree` WHERE `id` = 5 <>
[2013-10-25 16:20:20] No query pending <>
[2013-10-25 16:20:20] nf: no result set <>
[2013-10-25 16:20:20] SELECT `id` , `parent_id` , `position` , `left` , `right` , `level` , `title` , `type` FROM `tree` WHERE `parent_id` = 5 ORDER BY `position` ASC <>
[2013-10-25 16:20:20] No query pending <>
[2013-10-25 16:20:20] UPDATE `tree` SET `position` = `position` + 1 WHERE `parent_id` = 5 AND `position` >= 0  AND `id` NOT IN (-1)  <>
[2013-10-25 16:20:20] UPDATE `tree` SET `left` = `left` + 2 WHERE `left` >= 1  AND `id` NOT IN (-1)  <>
[2013-10-25 16:20:20] UPDATE `tree` SET `right` = `right` + 2 WHERE `right` >= 1  AND `id` NOT IN (-1)  <>
[2013-10-25 16:20:20] INSERT INTO `tree` (`parent_id`, `position`, `left`, `right`, `level` ) VALUES (5, 0, 1, 2, 1) <>
[2013-10-25 16:20:20] SELECT `id` , `parent_id` , `position` , `left` , `right` , `level` , `title` , `type` FROM `tree` WHERE `parent_id` = 1 ORDER BY `position` ASC <>
[2013-10-25 16:20:20] No query pending <>
[2013-10-25 16:20:20] Connection error: Access denied for user 'root'@'localhost' (using password: NO) <>
[2013-10-25 16:20:20] Could node connect for query: SELECT `left` FROM `tree` s WHERE `parent_id` = 0  <>
[2013-10-25 16:20:20] No query pending <>
[2013-10-25 16:20:20] nf: no result set <>
[2013-10-25 16:20:20] SELECT COUNT(*) FROM `tree` s WHERE `parent_id` != 0 AND (SELECT COUNT(*) FROM `tree` WHERE `id` = s.`parent_id`) = 0  <>
[2013-10-25 16:20:20] No query pending <>
[2013-10-25 16:20:20] SELECT MAX(`right`) FROM `tree` <>
[2013-10-25 16:20:20] No query pending <>
[2013-10-25 16:20:20] SELECT COUNT(*) FROM `tree` <>
[2013-10-25 16:20:20] No query pending <>
[2013-10-25 16:20:20] SELECT COUNT(`id`) FROM `tree` s WHERE (SELECT COUNT(*) FROM `tree` WHERE `right` < s.`right` AND `left` > s.`left` AND `level` = s.`level` + 1) != (SELECT COUNT(*) FROM `tree` WHERE `parent_id` = s.`id`)  <>
[2013-10-25 16:20:20] No query pending <>
[2013-10-25 16:20:21] Connection error: Access denied for user 'root'@'localhost' (using password: NO) <>
[2013-10-25 16:20:21] Could node connect for query: SELECT `id` , `parent_id` , `position` , `left` , `right` , `level` , `title` , `type` FROM `tree` WHERE `parent_id` = 1 ORDER BY `position` ASC <>
[2013-10-25 16:20:21] No query pending <>
[2013-10-25 16:20:21] TRUNCATE TABLE `tree` <>
[2013-10-25 16:20:21] INSERT INTO `tree` (`id`, `parent_id`, `position`, `left`, `right`, `level` ) VALUES (1, 0, 0, 1, 2, 0 ) <>
[2013-10-25 16:20:21] SELECT `id` , `parent_id` , `position` , `left` , `right` , `level` , `title` , `type` FROM `tree` WHERE `id` = 0 <>
[2013-10-25 16:20:21] No query pending <>
[2013-10-25 16:20:21] nf: no result set <>
[2013-10-25 16:20:21] SELECT `id` , `parent_id` , `position` , `left` , `right` , `level` , `title` , `type` FROM `tree` WHERE `parent_id` = 0 ORDER BY `position` ASC <>
[2013-10-25 16:20:21] No query pending <>
[2013-10-25 16:20:21] SELECT `id` , `parent_id` , `position` , `left` , `right` , `level` , `title` , `type` FROM `tree` WHERE `id` = 1 <>
[2013-10-25 16:20:21] No query pending <>
[2013-10-25 16:20:21] nf: no result set <>
[2013-10-25 16:20:21] SELECT `id` , `parent_id` , `position` , `left` , `right` , `level` , `title` , `type` FROM `tree` WHERE `parent_id` = 1 ORDER BY `position` ASC <>
[2013-10-25 16:20:21] No query pending <>
[2013-10-25 16:20:21] UPDATE `tree` SET `position` = `position` + 1 WHERE `parent_id` = 1 AND `position` >= 0  AND `id` NOT IN (-1)  <>
[2013-10-25 16:20:21] UPDATE `tree` SET `left` = `left` + 2 WHERE `left` >= 1  AND `id` NOT IN (-1)  <>
[2013-10-25 16:20:21] UPDATE `tree` SET `right` = `right` + 2 WHERE `right` >= 1  AND `id` NOT IN (-1)  <>
[2013-10-25 16:20:21] INSERT INTO `tree` (`parent_id`, `position`, `left`, `right`, `level` ) VALUES (1, 0, 1, 2, 1) <>
[2013-10-25 16:20:21] SELECT `id` , `parent_id` , `position` , `left` , `right` , `level` , `title` , `type` FROM `tree` WHERE `id` = 0 <>
[2013-10-25 16:20:21] No query pending <>
[2013-10-25 16:20:21] nf: no result set <>
[2013-10-25 16:20:21] SELECT `id` , `parent_id` , `position` , `left` , `right` , `level` , `title` , `type` FROM `tree` WHERE `parent_id` = 0 ORDER BY `position` ASC <>
[2013-10-25 16:20:21] No query pending <>
[2013-10-25 16:20:21] SELECT `id` , `parent_id` , `position` , `left` , `right` , `level` , `title` , `type` FROM `tree` WHERE `id` = 1 <>
[2013-10-25 16:20:21] No query pending <>
[2013-10-25 16:20:21] nf: no result set <>
[2013-10-25 16:20:21] SELECT `id` , `parent_id` , `position` , `left` , `right` , `level` , `title` , `type` FROM `tree` WHERE `parent_id` = 1 ORDER BY `position` ASC <>
[2013-10-25 16:20:21] No query pending <>
[2013-10-25 16:20:21] UPDATE `tree` SET `position` = `position` + 1 WHERE `parent_id` = 1 AND `position` >= 0  AND `id` NOT IN (-1)  <>
[2013-10-25 16:20:21] UPDATE `tree` SET `left` = `left` + 2 WHERE `left` >= 1  AND `id` NOT IN (-1)  <>
[2013-10-25 16:20:21] UPDATE `tree` SET `right` = `right` + 2 WHERE `right` >= 1  AND `id` NOT IN (-1)  <>
[2013-10-25 16:20:21] INSERT INTO `tree` (`parent_id`, `position`, `left`, `right`, `level` ) VALUES (1, 0, 1, 2, 1) <>
[2013-10-25 16:20:21] SELECT `id` , `parent_id` , `position` , `left` , `right` , `level` , `title` , `type` FROM `tree` WHERE `id` = 0 <>
[2013-10-25 16:20:21] No query pending <>
[2013-10-25 16:20:21] nf: no result set <>
[2013-10-25 16:20:21] SELECT `id` , `parent_id` , `position` , `left` , `right` , `level` , `title` , `type` FROM `tree` WHERE `parent_id` = 0 ORDER BY `position` ASC <>
[2013-10-25 16:20:21] No query pending <>
[2013-10-25 16:20:21] SELECT `id` , `parent_id` , `position` , `left` , `right` , `level` , `title` , `type` FROM `tree` WHERE `id` = 2 <>
[2013-10-25 16:20:21] No query pending <>
[2013-10-25 16:20:21] nf: no result set <>
[2013-10-25 16:20:21] SELECT `id` , `parent_id` , `position` , `left` , `right` , `level` , `title` , `type` FROM `tree` WHERE `parent_id` = 2 ORDER BY `position` ASC <>
[2013-10-25 16:20:21] No query pending <>
[2013-10-25 16:20:21] UPDATE `tree` SET `position` = `position` + 1 WHERE `parent_id` = 2 AND `position` >= 0  AND `id` NOT IN (-1)  <>
[2013-10-25 16:20:21] UPDATE `tree` SET `left` = `left` + 2 WHERE `left` >= 1  AND `id` NOT IN (-1)  <>
[2013-10-25 16:20:21] UPDATE `tree` SET `right` = `right` + 2 WHERE `right` >= 1  AND `id` NOT IN (-1)  <>
[2013-10-25 16:20:21] INSERT INTO `tree` (`parent_id`, `position`, `left`, `right`, `level` ) VALUES (2, 0, 1, 2, 1) <>
[2013-10-25 16:20:21] SELECT `id` , `parent_id` , `position` , `left` , `right` , `level` , `title` , `type` FROM `tree` WHERE `id` = 0 <>
[2013-10-25 16:20:21] No query pending <>
[2013-10-25 16:20:21] nf: no result set <>
[2013-10-25 16:20:21] SELECT `id` , `parent_id` , `position` , `left` , `right` , `level` , `title` , `type` FROM `tree` WHERE `parent_id` = 0 ORDER BY `position` ASC <>
[2013-10-25 16:20:21] No query pending <>
[2013-10-25 16:20:21] SELECT `id` , `parent_id` , `position` , `left` , `right` , `level` , `title` , `type` FROM `tree` WHERE `id` = 2 <>
[2013-10-25 16:20:21] No query pending <>
[2013-10-25 16:20:21] nf: no result set <>
[2013-10-25 16:20:21] SELECT `id` , `parent_id` , `position` , `left` , `right` , `level` , `title` , `type` FROM `tree` WHERE `parent_id` = 2 ORDER BY `position` ASC <>
[2013-10-25 16:20:21] No query pending <>
[2013-10-25 16:20:21] UPDATE `tree` SET `position` = `position` + 1 WHERE `parent_id` = 2 AND `position` >= 0  AND `id` NOT IN (-1)  <>
[2013-10-25 16:20:21] UPDATE `tree` SET `left` = `left` + 2 WHERE `left` >= 1  AND `id` NOT IN (-1)  <>
[2013-10-25 16:20:21] UPDATE `tree` SET `right` = `right` + 2 WHERE `right` >= 1  AND `id` NOT IN (-1)  <>
[2013-10-25 16:20:21] INSERT INTO `tree` (`parent_id`, `position`, `left`, `right`, `level` ) VALUES (2, 0, 1, 2, 1) <>
[2013-10-25 16:20:21] SELECT `id` , `parent_id` , `position` , `left` , `right` , `level` , `title` , `type` FROM `tree` WHERE `id` = 0 <>
[2013-10-25 16:20:21] No query pending <>
[2013-10-25 16:20:21] nf: no result set <>
[2013-10-25 16:20:21] SELECT `id` , `parent_id` , `position` , `left` , `right` , `level` , `title` , `type` FROM `tree` WHERE `parent_id` = 0 ORDER BY `position` ASC <>
[2013-10-25 16:20:21] No query pending <>
[2013-10-25 16:20:21] SELECT `id` , `parent_id` , `position` , `left` , `right` , `level` , `title` , `type` FROM `tree` WHERE `id` = 4 <>
[2013-10-25 16:20:21] No query pending <>
[2013-10-25 16:20:21] nf: no result set <>
[2013-10-25 16:20:21] SELECT `id` , `parent_id` , `position` , `left` , `right` , `level` , `title` , `type` FROM `tree` WHERE `parent_id` = 4 ORDER BY `position` ASC <>
[2013-10-25 16:20:21] No query pending <>
[2013-10-25 16:20:21] UPDATE `tree` SET `position` = `position` + 1 WHERE `parent_id` = 4 AND `position` >= 0  AND `id` NOT IN (-1)  <>
[2013-10-25 16:20:21] UPDATE `tree` SET `left` = `left` + 2 WHERE `left` >= 1  AND `id` NOT IN (-1)  <>
[2013-10-25 16:20:21] UPDATE `tree` SET `right` = `right` + 2 WHERE `right` >= 1  AND `id` NOT IN (-1)  <>
[2013-10-25 16:20:21] INSERT INTO `tree` (`parent_id`, `position`, `left`, `right`, `level` ) VALUES (4, 0, 1, 2, 1) <>
[2013-10-25 16:20:21] SELECT `id` , `parent_id` , `position` , `left` , `right` , `level` , `title` , `type` FROM `tree` WHERE `id` = 0 <>
[2013-10-25 16:20:21] No query pending <>
[2013-10-25 16:20:21] nf: no result set <>
[2013-10-25 16:20:21] SELECT `id` , `parent_id` , `position` , `left` , `right` , `level` , `title` , `type` FROM `tree` WHERE `parent_id` = 0 ORDER BY `position` ASC <>
[2013-10-25 16:20:21] No query pending <>
[2013-10-25 16:20:21] SELECT `id` , `parent_id` , `position` , `left` , `right` , `level` , `title` , `type` FROM `tree` WHERE `id` = 5 <>
[2013-10-25 16:20:21] No query pending <>
[2013-10-25 16:20:21] nf: no result set <>
[2013-10-25 16:20:21] SELECT `id` , `parent_id` , `position` , `left` , `right` , `level` , `title` , `type` FROM `tree` WHERE `parent_id` = 5 ORDER BY `position` ASC <>
[2013-10-25 16:20:21] No query pending <>
[2013-10-25 16:20:21] UPDATE `tree` SET `position` = `position` + 1 WHERE `parent_id` = 5 AND `position` >= 0  AND `id` NOT IN (-1)  <>
[2013-10-25 16:20:21] UPDATE `tree` SET `left` = `left` + 2 WHERE `left` >= 1  AND `id` NOT IN (-1)  <>
[2013-10-25 16:20:21] UPDATE `tree` SET `right` = `right` + 2 WHERE `right` >= 1  AND `id` NOT IN (-1)  <>
[2013-10-25 16:20:21] INSERT INTO `tree` (`parent_id`, `position`, `left`, `right`, `level` ) VALUES (5, 0, 1, 2, 1) <>
[2013-10-25 16:20:21] SELECT `id` , `parent_id` , `position` , `left` , `right` , `level` , `title` , `type` FROM `tree` WHERE `parent_id` = 1 ORDER BY `position` ASC <>
[2013-10-25 16:20:21] No query pending <>
[2013-10-25 16:20:23] Connection error: Access denied for user 'root'@'localhost' (using password: NO) <>
[2013-10-25 16:20:23] Could node connect for query: SELECT `id` , `parent_id` , `position` , `left` , `right` , `level` , `title` , `type` FROM `tree` WHERE `parent_id` = 1 ORDER BY `position` ASC <>
[2013-10-25 16:20:23] No query pending <>
[2013-10-25 16:20:23] TRUNCATE TABLE `tree` <>
[2013-10-25 16:20:23] INSERT INTO `tree` (`id`, `parent_id`, `position`, `left`, `right`, `level` ) VALUES (1, 0, 0, 1, 2, 0 ) <>
[2013-10-25 16:20:23] SELECT `id` , `parent_id` , `position` , `left` , `right` , `level` , `title` , `type` FROM `tree` WHERE `id` = 0 <>
[2013-10-25 16:20:23] No query pending <>
[2013-10-25 16:20:23] nf: no result set <>
[2013-10-25 16:20:23] SELECT `id` , `parent_id` , `position` , `left` , `right` , `level` , `title` , `type` FROM `tree` WHERE `parent_id` = 0 ORDER BY `position` ASC <>
[2013-10-25 16:20:23] No query pending <>
[2013-10-25 16:20:23] SELECT `id` , `parent_id` , `position` , `left` , `right` , `level` , `title` , `type` FROM `tree` WHERE `id` = 1 <>
[2013-10-25 16:20:23] No query pending <>
[2013-10-25 16:20:23] nf: no result set <>
[2013-10-25 16:20:23] SELECT `id` , `parent_id` , `position` , `left` , `right` , `level` , `title` , `type` FROM `tree` WHERE `parent_id` = 1 ORDER BY `position` ASC <>
[2013-10-25 16:20:23] No query pending <>
[2013-10-25 16:20:23] UPDATE `tree` SET `position` = `position` + 1 WHERE `parent_id` = 1 AND `position` >= 0  AND `id` NOT IN (-1)  <>
[2013-10-25 16:20:23] UPDATE `tree` SET `left` = `left` + 2 WHERE `left` >= 1  AND `id` NOT IN (-1)  <>
[2013-10-25 16:20:23] UPDATE `tree` SET `right` = `right` + 2 WHERE `right` >= 1  AND `id` NOT IN (-1)  <>
[2013-10-25 16:20:23] INSERT INTO `tree` (`parent_id`, `position`, `left`, `right`, `level` ) VALUES (1, 0, 1, 2, 1) <>
[2013-10-25 16:20:23] SELECT `id` , `parent_id` , `position` , `left` , `right` , `level` , `title` , `type` FROM `tree` WHERE `id` = 0 <>
[2013-10-25 16:20:23] No query pending <>
[2013-10-25 16:20:23] nf: no result set <>
[2013-10-25 16:20:23] SELECT `id` , `parent_id` , `position` , `left` , `right` , `level` , `title` , `type` FROM `tree` WHERE `parent_id` = 0 ORDER BY `position` ASC <>
[2013-10-25 16:20:23] No query pending <>
[2013-10-25 16:20:23] SELECT `id` , `parent_id` , `position` , `left` , `right` , `level` , `title` , `type` FROM `tree` WHERE `id` = 1 <>
[2013-10-25 16:20:23] No query pending <>
[2013-10-25 16:20:23] nf: no result set <>
[2013-10-25 16:20:23] SELECT `id` , `parent_id` , `position` , `left` , `right` , `level` , `title` , `type` FROM `tree` WHERE `parent_id` = 1 ORDER BY `position` ASC <>
[2013-10-25 16:20:23] No query pending <>
[2013-10-25 16:20:23] UPDATE `tree` SET `position` = `position` + 1 WHERE `parent_id` = 1 AND `position` >= 0  AND `id` NOT IN (-1)  <>
[2013-10-25 16:20:23] UPDATE `tree` SET `left` = `left` + 2 WHERE `left` >= 1  AND `id` NOT IN (-1)  <>
[2013-10-25 16:20:23] UPDATE `tree` SET `right` = `right` + 2 WHERE `right` >= 1  AND `id` NOT IN (-1)  <>
[2013-10-25 16:20:23] INSERT INTO `tree` (`parent_id`, `position`, `left`, `right`, `level` ) VALUES (1, 0, 1, 2, 1) <>
[2013-10-25 16:20:23] SELECT `id` , `parent_id` , `position` , `left` , `right` , `level` , `title` , `type` FROM `tree` WHERE `id` = 0 <>
[2013-10-25 16:20:23] No query pending <>
[2013-10-25 16:20:23] nf: no result set <>
[2013-10-25 16:20:23] SELECT `id` , `parent_id` , `position` , `left` , `right` , `level` , `title` , `type` FROM `tree` WHERE `parent_id` = 0 ORDER BY `position` ASC <>
[2013-10-25 16:20:23] No query pending <>
[2013-10-25 16:20:23] SELECT `id` , `parent_id` , `position` , `left` , `right` , `level` , `title` , `type` FROM `tree` WHERE `id` = 2 <>
[2013-10-25 16:20:23] No query pending <>
[2013-10-25 16:20:23] nf: no result set <>
[2013-10-25 16:20:23] SELECT `id` , `parent_id` , `position` , `left` , `right` , `level` , `title` , `type` FROM `tree` WHERE `parent_id` = 2 ORDER BY `position` ASC <>
[2013-10-25 16:20:23] No query pending <>
[2013-10-25 16:20:23] UPDATE `tree` SET `position` = `position` + 1 WHERE `parent_id` = 2 AND `position` >= 0  AND `id` NOT IN (-1)  <>
[2013-10-25 16:20:23] UPDATE `tree` SET `left` = `left` + 2 WHERE `left` >= 1  AND `id` NOT IN (-1)  <>
[2013-10-25 16:20:23] UPDATE `tree` SET `right` = `right` + 2 WHERE `right` >= 1  AND `id` NOT IN (-1)  <>
[2013-10-25 16:20:23] INSERT INTO `tree` (`parent_id`, `position`, `left`, `right`, `level` ) VALUES (2, 0, 1, 2, 1) <>
[2013-10-25 16:20:23] SELECT `id` , `parent_id` , `position` , `left` , `right` , `level` , `title` , `type` FROM `tree` WHERE `id` = 0 <>
[2013-10-25 16:20:23] No query pending <>
[2013-10-25 16:20:23] nf: no result set <>
[2013-10-25 16:20:23] SELECT `id` , `parent_id` , `position` , `left` , `right` , `level` , `title` , `type` FROM `tree` WHERE `parent_id` = 0 ORDER BY `position` ASC <>
[2013-10-25 16:20:23] No query pending <>
[2013-10-25 16:20:23] SELECT `id` , `parent_id` , `position` , `left` , `right` , `level` , `title` , `type` FROM `tree` WHERE `id` = 2 <>
[2013-10-25 16:20:23] No query pending <>
[2013-10-25 16:20:23] nf: no result set <>
[2013-10-25 16:20:23] SELECT `id` , `parent_id` , `position` , `left` , `right` , `level` , `title` , `type` FROM `tree` WHERE `parent_id` = 2 ORDER BY `position` ASC <>
[2013-10-25 16:20:23] No query pending <>
[2013-10-25 16:20:23] UPDATE `tree` SET `position` = `position` + 1 WHERE `parent_id` = 2 AND `position` >= 0  AND `id` NOT IN (-1)  <>
[2013-10-25 16:20:23] UPDATE `tree` SET `left` = `left` + 2 WHERE `left` >= 1  AND `id` NOT IN (-1)  <>
[2013-10-25 16:20:23] UPDATE `tree` SET `right` = `right` + 2 WHERE `right` >= 1  AND `id` NOT IN (-1)  <>
[2013-10-25 16:20:23] INSERT INTO `tree` (`parent_id`, `position`, `left`, `right`, `level` ) VALUES (2, 0, 1, 2, 1) <>
[2013-10-25 16:20:23] SELECT `id` , `parent_id` , `position` , `left` , `right` , `level` , `title` , `type` FROM `tree` WHERE `id` = 0 <>
[2013-10-25 16:20:23] No query pending <>
[2013-10-25 16:20:23] nf: no result set <>
[2013-10-25 16:20:23] SELECT `id` , `parent_id` , `position` , `left` , `right` , `level` , `title` , `type` FROM `tree` WHERE `parent_id` = 0 ORDER BY `position` ASC <>
[2013-10-25 16:20:23] No query pending <>
[2013-10-25 16:20:23] SELECT `id` , `parent_id` , `position` , `left` , `right` , `level` , `title` , `type` FROM `tree` WHERE `id` = 4 <>
[2013-10-25 16:20:23] No query pending <>
[2013-10-25 16:20:23] nf: no result set <>
[2013-10-25 16:20:23] SELECT `id` , `parent_id` , `position` , `left` , `right` , `level` , `title` , `type` FROM `tree` WHERE `parent_id` = 4 ORDER BY `position` ASC <>
[2013-10-25 16:20:23] No query pending <>
[2013-10-25 16:20:23] UPDATE `tree` SET `position` = `position` + 1 WHERE `parent_id` = 4 AND `position` >= 0  AND `id` NOT IN (-1)  <>
[2013-10-25 16:20:23] UPDATE `tree` SET `left` = `left` + 2 WHERE `left` >= 1  AND `id` NOT IN (-1)  <>
[2013-10-25 16:20:23] UPDATE `tree` SET `right` = `right` + 2 WHERE `right` >= 1  AND `id` NOT IN (-1)  <>
[2013-10-25 16:20:23] INSERT INTO `tree` (`parent_id`, `position`, `left`, `right`, `level` ) VALUES (4, 0, 1, 2, 1) <>
[2013-10-25 16:20:23] SELECT `id` , `parent_id` , `position` , `left` , `right` , `level` , `title` , `type` FROM `tree` WHERE `id` = 0 <>
[2013-10-25 16:20:23] No query pending <>
[2013-10-25 16:20:23] nf: no result set <>
[2013-10-25 16:20:23] SELECT `id` , `parent_id` , `position` , `left` , `right` , `level` , `title` , `type` FROM `tree` WHERE `parent_id` = 0 ORDER BY `position` ASC <>
[2013-10-25 16:20:23] No query pending <>
[2013-10-25 16:20:23] SELECT `id` , `parent_id` , `position` , `left` , `right` , `level` , `title` , `type` FROM `tree` WHERE `id` = 5 <>
[2013-10-25 16:20:23] No query pending <>
[2013-10-25 16:20:23] nf: no result set <>
[2013-10-25 16:20:23] SELECT `id` , `parent_id` , `position` , `left` , `right` , `level` , `title` , `type` FROM `tree` WHERE `parent_id` = 5 ORDER BY `position` ASC <>
[2013-10-25 16:20:23] No query pending <>
[2013-10-25 16:20:23] UPDATE `tree` SET `position` = `position` + 1 WHERE `parent_id` = 5 AND `position` >= 0  AND `id` NOT IN (-1)  <>
[2013-10-25 16:20:23] UPDATE `tree` SET `left` = `left` + 2 WHERE `left` >= 1  AND `id` NOT IN (-1)  <>
[2013-10-25 16:20:23] UPDATE `tree` SET `right` = `right` + 2 WHERE `right` >= 1  AND `id` NOT IN (-1)  <>
[2013-10-25 16:20:23] INSERT INTO `tree` (`parent_id`, `position`, `left`, `right`, `level` ) VALUES (5, 0, 1, 2, 1) <>
[2013-10-25 16:20:23] SELECT `id` , `parent_id` , `position` , `left` , `right` , `level` , `title` , `type` FROM `tree` WHERE `parent_id` = 1 ORDER BY `position` ASC <>
[2013-10-25 16:20:23] No query pending <>
[2013-10-25 16:20:53] Connection error: Access denied for user 'root'@'localhost' (using password: NO) <>
[2013-10-25 16:20:53] Could node connect for query: SELECT `id` , `parent_id` , `position` , `left` , `right` , `level` , `title` , `type` FROM `tree` WHERE `parent_id` = 1 ORDER BY `position` ASC <>
[2013-10-25 16:20:53] No query pending <>
[2013-10-25 16:20:53] TRUNCATE TABLE `tree` <>
[2013-10-25 16:20:53] INSERT INTO `tree` (`id`, `parent_id`, `position`, `left`, `right`, `level` ) VALUES (1, 0, 0, 1, 2, 0 ) <>
[2013-10-25 16:20:53] SELECT `id` , `parent_id` , `position` , `left` , `right` , `level` , `title` , `type` FROM `tree` WHERE `id` = 0 <>
[2013-10-25 16:20:53] No query pending <>
[2013-10-25 16:20:53] nf: no result set <>
[2013-10-25 16:20:53] SELECT `id` , `parent_id` , `position` , `left` , `right` , `level` , `title` , `type` FROM `tree` WHERE `parent_id` = 0 ORDER BY `position` ASC <>
[2013-10-25 16:20:53] No query pending <>
[2013-10-25 16:20:53] SELECT `id` , `parent_id` , `position` , `left` , `right` , `level` , `title` , `type` FROM `tree` WHERE `id` = 1 <>
[2013-10-25 16:20:53] No query pending <>
[2013-10-25 16:20:53] nf: no result set <>
[2013-10-25 16:20:53] SELECT `id` , `parent_id` , `position` , `left` , `right` , `level` , `title` , `type` FROM `tree` WHERE `parent_id` = 1 ORDER BY `position` ASC <>
[2013-10-25 16:20:53] No query pending <>
[2013-10-25 16:20:53] UPDATE `tree` SET `position` = `position` + 1 WHERE `parent_id` = 1 AND `position` >= 0  AND `id` NOT IN (-1)  <>
[2013-10-25 16:20:53] UPDATE `tree` SET `left` = `left` + 2 WHERE `left` >= 1  AND `id` NOT IN (-1)  <>
[2013-10-25 16:20:53] UPDATE `tree` SET `right` = `right` + 2 WHERE `right` >= 1  AND `id` NOT IN (-1)  <>
[2013-10-25 16:20:53] INSERT INTO `tree` (`parent_id`, `position`, `left`, `right`, `level` ) VALUES (1, 0, 1, 2, 1) <>
[2013-10-25 16:20:53] SELECT `id` , `parent_id` , `position` , `left` , `right` , `level` , `title` , `type` FROM `tree` WHERE `id` = 0 <>
[2013-10-25 16:20:53] No query pending <>
[2013-10-25 16:20:53] nf: no result set <>
[2013-10-25 16:20:53] SELECT `id` , `parent_id` , `position` , `left` , `right` , `level` , `title` , `type` FROM `tree` WHERE `parent_id` = 0 ORDER BY `position` ASC <>
[2013-10-25 16:20:53] No query pending <>
[2013-10-25 16:20:53] SELECT `id` , `parent_id` , `position` , `left` , `right` , `level` , `title` , `type` FROM `tree` WHERE `id` = 1 <>
[2013-10-25 16:20:53] No query pending <>
[2013-10-25 16:20:53] nf: no result set <>
[2013-10-25 16:20:53] SELECT `id` , `parent_id` , `position` , `left` , `right` , `level` , `title` , `type` FROM `tree` WHERE `parent_id` = 1 ORDER BY `position` ASC <>
[2013-10-25 16:20:53] No query pending <>
[2013-10-25 16:20:53] UPDATE `tree` SET `position` = `position` + 1 WHERE `parent_id` = 1 AND `position` >= 0  AND `id` NOT IN (-1)  <>
[2013-10-25 16:20:53] UPDATE `tree` SET `left` = `left` + 2 WHERE `left` >= 1  AND `id` NOT IN (-1)  <>
[2013-10-25 16:20:53] UPDATE `tree` SET `right` = `right` + 2 WHERE `right` >= 1  AND `id` NOT IN (-1)  <>
[2013-10-25 16:20:53] INSERT INTO `tree` (`parent_id`, `position`, `left`, `right`, `level` ) VALUES (1, 0, 1, 2, 1) <>
[2013-10-25 16:20:53] SELECT `id` , `parent_id` , `position` , `left` , `right` , `level` , `title` , `type` FROM `tree` WHERE `id` = 0 <>
[2013-10-25 16:20:53] No query pending <>
[2013-10-25 16:20:53] nf: no result set <>
[2013-10-25 16:20:53] SELECT `id` , `parent_id` , `position` , `left` , `right` , `level` , `title` , `type` FROM `tree` WHERE `parent_id` = 0 ORDER BY `position` ASC <>
[2013-10-25 16:20:53] No query pending <>
[2013-10-25 16:20:53] SELECT `id` , `parent_id` , `position` , `left` , `right` , `level` , `title` , `type` FROM `tree` WHERE `id` = 2 <>
[2013-10-25 16:20:53] No query pending <>
[2013-10-25 16:20:53] nf: no result set <>
[2013-10-25 16:20:53] SELECT `id` , `parent_id` , `position` , `left` , `right` , `level` , `title` , `type` FROM `tree` WHERE `parent_id` = 2 ORDER BY `position` ASC <>
[2013-10-25 16:20:53] No query pending <>
[2013-10-25 16:20:53] UPDATE `tree` SET `position` = `position` + 1 WHERE `parent_id` = 2 AND `position` >= 0  AND `id` NOT IN (-1)  <>
[2013-10-25 16:20:53] UPDATE `tree` SET `left` = `left` + 2 WHERE `left` >= 1  AND `id` NOT IN (-1)  <>
[2013-10-25 16:20:53] UPDATE `tree` SET `right` = `right` + 2 WHERE `right` >= 1  AND `id` NOT IN (-1)  <>
[2013-10-25 16:20:53] INSERT INTO `tree` (`parent_id`, `position`, `left`, `right`, `level` ) VALUES (2, 0, 1, 2, 1) <>
[2013-10-25 16:20:53] SELECT `id` , `parent_id` , `position` , `left` , `right` , `level` , `title` , `type` FROM `tree` WHERE `id` = 0 <>
[2013-10-25 16:20:53] No query pending <>
[2013-10-25 16:20:53] nf: no result set <>
[2013-10-25 16:20:53] SELECT `id` , `parent_id` , `position` , `left` , `right` , `level` , `title` , `type` FROM `tree` WHERE `parent_id` = 0 ORDER BY `position` ASC <>
[2013-10-25 16:20:53] No query pending <>
[2013-10-25 16:20:53] SELECT `id` , `parent_id` , `position` , `left` , `right` , `level` , `title` , `type` FROM `tree` WHERE `id` = 2 <>
[2013-10-25 16:20:53] No query pending <>
[2013-10-25 16:20:53] nf: no result set <>
[2013-10-25 16:20:53] SELECT `id` , `parent_id` , `position` , `left` , `right` , `level` , `title` , `type` FROM `tree` WHERE `parent_id` = 2 ORDER BY `position` ASC <>
[2013-10-25 16:20:53] No query pending <>
[2013-10-25 16:20:53] UPDATE `tree` SET `position` = `position` + 1 WHERE `parent_id` = 2 AND `position` >= 0  AND `id` NOT IN (-1)  <>
[2013-10-25 16:20:53] UPDATE `tree` SET `left` = `left` + 2 WHERE `left` >= 1  AND `id` NOT IN (-1)  <>
[2013-10-25 16:20:53] UPDATE `tree` SET `right` = `right` + 2 WHERE `right` >= 1  AND `id` NOT IN (-1)  <>
[2013-10-25 16:20:53] INSERT INTO `tree` (`parent_id`, `position`, `left`, `right`, `level` ) VALUES (2, 0, 1, 2, 1) <>
[2013-10-25 16:20:53] SELECT `id` , `parent_id` , `position` , `left` , `right` , `level` , `title` , `type` FROM `tree` WHERE `id` = 0 <>
[2013-10-25 16:20:53] No query pending <>
[2013-10-25 16:20:53] nf: no result set <>
[2013-10-25 16:20:53] SELECT `id` , `parent_id` , `position` , `left` , `right` , `level` , `title` , `type` FROM `tree` WHERE `parent_id` = 0 ORDER BY `position` ASC <>
[2013-10-25 16:20:53] No query pending <>
[2013-10-25 16:20:53] SELECT `id` , `parent_id` , `position` , `left` , `right` , `level` , `title` , `type` FROM `tree` WHERE `id` = 4 <>
[2013-10-25 16:20:53] No query pending <>
[2013-10-25 16:20:53] nf: no result set <>
[2013-10-25 16:20:53] SELECT `id` , `parent_id` , `position` , `left` , `right` , `level` , `title` , `type` FROM `tree` WHERE `parent_id` = 4 ORDER BY `position` ASC <>
[2013-10-25 16:20:53] No query pending <>
[2013-10-25 16:20:53] UPDATE `tree` SET `position` = `position` + 1 WHERE `parent_id` = 4 AND `position` >= 0  AND `id` NOT IN (-1)  <>
[2013-10-25 16:20:53] UPDATE `tree` SET `left` = `left` + 2 WHERE `left` >= 1  AND `id` NOT IN (-1)  <>
[2013-10-25 16:20:53] UPDATE `tree` SET `right` = `right` + 2 WHERE `right` >= 1  AND `id` NOT IN (-1)  <>
[2013-10-25 16:20:53] INSERT INTO `tree` (`parent_id`, `position`, `left`, `right`, `level` ) VALUES (4, 0, 1, 2, 1) <>
[2013-10-25 16:20:53] SELECT `id` , `parent_id` , `position` , `left` , `right` , `level` , `title` , `type` FROM `tree` WHERE `id` = 0 <>
[2013-10-25 16:20:53] No query pending <>
[2013-10-25 16:20:53] nf: no result set <>
[2013-10-25 16:20:53] SELECT `id` , `parent_id` , `position` , `left` , `right` , `level` , `title` , `type` FROM `tree` WHERE `parent_id` = 0 ORDER BY `position` ASC <>
[2013-10-25 16:20:53] No query pending <>
[2013-10-25 16:20:53] SELECT `id` , `parent_id` , `position` , `left` , `right` , `level` , `title` , `type` FROM `tree` WHERE `id` = 5 <>
[2013-10-25 16:20:53] No query pending <>
[2013-10-25 16:20:53] nf: no result set <>
[2013-10-25 16:20:53] SELECT `id` , `parent_id` , `position` , `left` , `right` , `level` , `title` , `type` FROM `tree` WHERE `parent_id` = 5 ORDER BY `position` ASC <>
[2013-10-25 16:20:53] No query pending <>
[2013-10-25 16:20:53] UPDATE `tree` SET `position` = `position` + 1 WHERE `parent_id` = 5 AND `position` >= 0  AND `id` NOT IN (-1)  <>
[2013-10-25 16:20:53] UPDATE `tree` SET `left` = `left` + 2 WHERE `left` >= 1  AND `id` NOT IN (-1)  <>
[2013-10-25 16:20:53] UPDATE `tree` SET `right` = `right` + 2 WHERE `right` >= 1  AND `id` NOT IN (-1)  <>
[2013-10-25 16:20:53] INSERT INTO `tree` (`parent_id`, `position`, `left`, `right`, `level` ) VALUES (5, 0, 1, 2, 1) <>
[2013-10-25 16:20:53] SELECT `id` , `parent_id` , `position` , `left` , `right` , `level` , `title` , `type` FROM `tree` WHERE `parent_id` = 1 ORDER BY `position` ASC <>
[2013-10-25 16:20:53] No query pending <>
[2013-10-25 16:20:54] Connection error: Access denied for user 'root'@'localhost' (using password: NO) <>
[2013-10-25 16:20:54] Could node connect for query: SELECT `id` , `parent_id` , `position` , `left` , `right` , `level` , `title` , `type` FROM `tree` WHERE `parent_id` = 1 ORDER BY `position` ASC <>
[2013-10-25 16:20:54] No query pending <>
[2013-10-25 16:20:54] TRUNCATE TABLE `tree` <>
[2013-10-25 16:20:54] INSERT INTO `tree` (`id`, `parent_id`, `position`, `left`, `right`, `level` ) VALUES (1, 0, 0, 1, 2, 0 ) <>
[2013-10-25 16:20:54] SELECT `id` , `parent_id` , `position` , `left` , `right` , `level` , `title` , `type` FROM `tree` WHERE `id` = 0 <>
[2013-10-25 16:20:54] No query pending <>
[2013-10-25 16:20:54] nf: no result set <>
[2013-10-25 16:20:54] SELECT `id` , `parent_id` , `position` , `left` , `right` , `level` , `title` , `type` FROM `tree` WHERE `parent_id` = 0 ORDER BY `position` ASC <>
[2013-10-25 16:20:54] No query pending <>
[2013-10-25 16:20:54] SELECT `id` , `parent_id` , `position` , `left` , `right` , `level` , `title` , `type` FROM `tree` WHERE `id` = 1 <>
[2013-10-25 16:20:54] No query pending <>
[2013-10-25 16:20:54] nf: no result set <>
[2013-10-25 16:20:54] SELECT `id` , `parent_id` , `position` , `left` , `right` , `level` , `title` , `type` FROM `tree` WHERE `parent_id` = 1 ORDER BY `position` ASC <>
[2013-10-25 16:20:54] No query pending <>
[2013-10-25 16:20:54] UPDATE `tree` SET `position` = `position` + 1 WHERE `parent_id` = 1 AND `position` >= 0  AND `id` NOT IN (-1)  <>
[2013-10-25 16:20:54] UPDATE `tree` SET `left` = `left` + 2 WHERE `left` >= 1  AND `id` NOT IN (-1)  <>
[2013-10-25 16:20:54] UPDATE `tree` SET `right` = `right` + 2 WHERE `right` >= 1  AND `id` NOT IN (-1)  <>
[2013-10-25 16:20:54] INSERT INTO `tree` (`parent_id`, `position`, `left`, `right`, `level` ) VALUES (1, 0, 1, 2, 1) <>
[2013-10-25 16:20:54] SELECT `id` , `parent_id` , `position` , `left` , `right` , `level` , `title` , `type` FROM `tree` WHERE `id` = 0 <>
[2013-10-25 16:20:54] No query pending <>
[2013-10-25 16:20:54] nf: no result set <>
[2013-10-25 16:20:54] SELECT `id` , `parent_id` , `position` , `left` , `right` , `level` , `title` , `type` FROM `tree` WHERE `parent_id` = 0 ORDER BY `position` ASC <>
[2013-10-25 16:20:54] No query pending <>
[2013-10-25 16:20:54] SELECT `id` , `parent_id` , `position` , `left` , `right` , `level` , `title` , `type` FROM `tree` WHERE `id` = 1 <>
[2013-10-25 16:20:54] No query pending <>
[2013-10-25 16:20:54] nf: no result set <>
[2013-10-25 16:20:54] SELECT `id` , `parent_id` , `position` , `left` , `right` , `level` , `title` , `type` FROM `tree` WHERE `parent_id` = 1 ORDER BY `position` ASC <>
[2013-10-25 16:20:54] No query pending <>
[2013-10-25 16:20:54] UPDATE `tree` SET `position` = `position` + 1 WHERE `parent_id` = 1 AND `position` >= 0  AND `id` NOT IN (-1)  <>
[2013-10-25 16:20:54] UPDATE `tree` SET `left` = `left` + 2 WHERE `left` >= 1  AND `id` NOT IN (-1)  <>
[2013-10-25 16:20:54] UPDATE `tree` SET `right` = `right` + 2 WHERE `right` >= 1  AND `id` NOT IN (-1)  <>
[2013-10-25 16:20:54] INSERT INTO `tree` (`parent_id`, `position`, `left`, `right`, `level` ) VALUES (1, 0, 1, 2, 1) <>
[2013-10-25 16:20:54] SELECT `id` , `parent_id` , `position` , `left` , `right` , `level` , `title` , `type` FROM `tree` WHERE `id` = 0 <>
[2013-10-25 16:20:54] No query pending <>
[2013-10-25 16:20:54] nf: no result set <>
[2013-10-25 16:20:54] SELECT `id` , `parent_id` , `position` , `left` , `right` , `level` , `title` , `type` FROM `tree` WHERE `parent_id` = 0 ORDER BY `position` ASC <>
[2013-10-25 16:20:54] No query pending <>
[2013-10-25 16:20:54] SELECT `id` , `parent_id` , `position` , `left` , `right` , `level` , `title` , `type` FROM `tree` WHERE `id` = 2 <>
[2013-10-25 16:20:54] No query pending <>
[2013-10-25 16:20:54] nf: no result set <>
[2013-10-25 16:20:54] SELECT `id` , `parent_id` , `position` , `left` , `right` , `level` , `title` , `type` FROM `tree` WHERE `parent_id` = 2 ORDER BY `position` ASC <>
[2013-10-25 16:20:54] No query pending <>
[2013-10-25 16:20:54] UPDATE `tree` SET `position` = `position` + 1 WHERE `parent_id` = 2 AND `position` >= 0  AND `id` NOT IN (-1)  <>
[2013-10-25 16:20:54] UPDATE `tree` SET `left` = `left` + 2 WHERE `left` >= 1  AND `id` NOT IN (-1)  <>
[2013-10-25 16:20:54] UPDATE `tree` SET `right` = `right` + 2 WHERE `right` >= 1  AND `id` NOT IN (-1)  <>
[2013-10-25 16:20:54] INSERT INTO `tree` (`parent_id`, `position`, `left`, `right`, `level` ) VALUES (2, 0, 1, 2, 1) <>
[2013-10-25 16:20:54] SELECT `id` , `parent_id` , `position` , `left` , `right` , `level` , `title` , `type` FROM `tree` WHERE `id` = 0 <>
[2013-10-25 16:20:54] No query pending <>
[2013-10-25 16:20:54] nf: no result set <>
[2013-10-25 16:20:54] SELECT `id` , `parent_id` , `position` , `left` , `right` , `level` , `title` , `type` FROM `tree` WHERE `parent_id` = 0 ORDER BY `position` ASC <>
[2013-10-25 16:20:54] No query pending <>
[2013-10-25 16:20:54] SELECT `id` , `parent_id` , `position` , `left` , `right` , `level` , `title` , `type` FROM `tree` WHERE `id` = 2 <>
[2013-10-25 16:20:54] No query pending <>
[2013-10-25 16:20:54] nf: no result set <>
[2013-10-25 16:20:54] SELECT `id` , `parent_id` , `position` , `left` , `right` , `level` , `title` , `type` FROM `tree` WHERE `parent_id` = 2 ORDER BY `position` ASC <>
[2013-10-25 16:20:54] No query pending <>
[2013-10-25 16:20:54] UPDATE `tree` SET `position` = `position` + 1 WHERE `parent_id` = 2 AND `position` >= 0  AND `id` NOT IN (-1)  <>
[2013-10-25 16:20:54] UPDATE `tree` SET `left` = `left` + 2 WHERE `left` >= 1  AND `id` NOT IN (-1)  <>
[2013-10-25 16:20:54] UPDATE `tree` SET `right` = `right` + 2 WHERE `right` >= 1  AND `id` NOT IN (-1)  <>
[2013-10-25 16:20:54] INSERT INTO `tree` (`parent_id`, `position`, `left`, `right`, `level` ) VALUES (2, 0, 1, 2, 1) <>
[2013-10-25 16:20:54] SELECT `id` , `parent_id` , `position` , `left` , `right` , `level` , `title` , `type` FROM `tree` WHERE `id` = 0 <>
[2013-10-25 16:20:54] No query pending <>
[2013-10-25 16:20:54] nf: no result set <>
[2013-10-25 16:20:54] SELECT `id` , `parent_id` , `position` , `left` , `right` , `level` , `title` , `type` FROM `tree` WHERE `parent_id` = 0 ORDER BY `position` ASC <>
[2013-10-25 16:20:54] No query pending <>
[2013-10-25 16:20:54] SELECT `id` , `parent_id` , `position` , `left` , `right` , `level` , `title` , `type` FROM `tree` WHERE `id` = 4 <>
[2013-10-25 16:20:54] No query pending <>
[2013-10-25 16:20:54] nf: no result set <>
[2013-10-25 16:20:54] SELECT `id` , `parent_id` , `position` , `left` , `right` , `level` , `title` , `type` FROM `tree` WHERE `parent_id` = 4 ORDER BY `position` ASC <>
[2013-10-25 16:20:54] No query pending <>
[2013-10-25 16:20:54] UPDATE `tree` SET `position` = `position` + 1 WHERE `parent_id` = 4 AND `position` >= 0  AND `id` NOT IN (-1)  <>
[2013-10-25 16:20:54] UPDATE `tree` SET `left` = `left` + 2 WHERE `left` >= 1  AND `id` NOT IN (-1)  <>
[2013-10-25 16:20:54] UPDATE `tree` SET `right` = `right` + 2 WHERE `right` >= 1  AND `id` NOT IN (-1)  <>
[2013-10-25 16:20:54] INSERT INTO `tree` (`parent_id`, `position`, `left`, `right`, `level` ) VALUES (4, 0, 1, 2, 1) <>
[2013-10-25 16:20:54] SELECT `id` , `parent_id` , `position` , `left` , `right` , `level` , `title` , `type` FROM `tree` WHERE `id` = 0 <>
[2013-10-25 16:20:54] No query pending <>
[2013-10-25 16:20:54] nf: no result set <>
[2013-10-25 16:20:54] SELECT `id` , `parent_id` , `position` , `left` , `right` , `level` , `title` , `type` FROM `tree` WHERE `parent_id` = 0 ORDER BY `position` ASC <>
[2013-10-25 16:20:54] No query pending <>
[2013-10-25 16:20:54] SELECT `id` , `parent_id` , `position` , `left` , `right` , `level` , `title` , `type` FROM `tree` WHERE `id` = 5 <>
[2013-10-25 16:20:54] No query pending <>
[2013-10-25 16:20:54] nf: no result set <>
[2013-10-25 16:20:54] SELECT `id` , `parent_id` , `position` , `left` , `right` , `level` , `title` , `type` FROM `tree` WHERE `parent_id` = 5 ORDER BY `position` ASC <>
[2013-10-25 16:20:54] No query pending <>
[2013-10-25 16:20:54] UPDATE `tree` SET `position` = `position` + 1 WHERE `parent_id` = 5 AND `position` >= 0  AND `id` NOT IN (-1)  <>
[2013-10-25 16:20:54] UPDATE `tree` SET `left` = `left` + 2 WHERE `left` >= 1  AND `id` NOT IN (-1)  <>
[2013-10-25 16:20:54] UPDATE `tree` SET `right` = `right` + 2 WHERE `right` >= 1  AND `id` NOT IN (-1)  <>
[2013-10-25 16:20:54] INSERT INTO `tree` (`parent_id`, `position`, `left`, `right`, `level` ) VALUES (5, 0, 1, 2, 1) <>
[2013-10-25 16:20:54] SELECT `id` , `parent_id` , `position` , `left` , `right` , `level` , `title` , `type` FROM `tree` WHERE `parent_id` = 1 ORDER BY `position` ASC <>
[2013-10-25 16:20:54] No query pending <>
[2013-10-25 16:20:54] Connection error: Access denied for user 'root'@'localhost' (using password: NO) <>
[2013-10-25 16:20:54] Could node connect for query: SELECT `left` FROM `tree` s WHERE `parent_id` = 0  <>
[2013-10-25 16:20:54] No query pending <>
[2013-10-25 16:20:54] nf: no result set <>
[2013-10-25 16:20:54] SELECT COUNT(*) FROM `tree` s WHERE `parent_id` != 0 AND (SELECT COUNT(*) FROM `tree` WHERE `id` = s.`parent_id`) = 0  <>
[2013-10-25 16:20:54] No query pending <>
[2013-10-25 16:20:54] SELECT MAX(`right`) FROM `tree` <>
[2013-10-25 16:20:54] No query pending <>
[2013-10-25 16:20:54] SELECT COUNT(*) FROM `tree` <>
[2013-10-25 16:20:54] No query pending <>
[2013-10-25 16:20:54] SELECT COUNT(`id`) FROM `tree` s WHERE (SELECT COUNT(*) FROM `tree` WHERE `right` < s.`right` AND `left` > s.`left` AND `level` = s.`level` + 1) != (SELECT COUNT(*) FROM `tree` WHERE `parent_id` = s.`id`)  <>
[2013-10-25 16:20:54] No query pending <>
[2013-10-25 16:20:56] Connection error: Access denied for user 'root'@'localhost' (using password: NO) <>
[2013-10-25 16:20:56] Could node connect for query: CREATE TEMPORARY TABLE `temp_tree` (`id` INTEGER NOT NULL, `parent_id` INTEGER NOT NULL, `position` INTEGER NOT NULL) type=HEAP <>
[2013-10-25 16:20:56] INSERT INTO `temp_tree` SELECT `id`, `parent_id`, `position` FROM `tree` <>
[2013-10-25 16:20:56] CREATE TEMPORARY TABLE `temp_stack` (`id` INTEGER NOT NULL, `left` INTEGER, `right` INTEGER, `level` INTEGER, `stack_top` INTEGER NOT NULL, `parent_id` INTEGER, `position` INTEGER ) type=HEAP <>
[2013-10-25 16:20:56] SELECT COUNT(*) FROM temp_tree <>
[2013-10-25 16:20:56] No query pending <>
[2013-10-25 16:20:56] INSERT INTO `temp_stack` SELECT `id`, 1, NULL, 0, 1, `parent_id`, `position` FROM `temp_tree` WHERE `parent_id` = 0 <>
[2013-10-25 16:20:56] DELETE FROM `temp_tree` WHERE `parent_id` = 0 <>
[2013-10-25 16:20:56] CREATE TEMPORARY TABLE `temp_tree2` SELECT `id`, `title`, `type` FROM `tree`  <>
[2013-10-25 16:20:56] TRUNCATE TABLE `tree` <>
[2013-10-25 16:20:56] INSERT INTO tree (`id`, `parent_id`, `position`, `left`, `right`, `level` ) SELECT `id`, `parent_id`, `position`, `left`, `right`, `level` FROM temp_stack ORDER BY `id` <>
[2013-10-25 16:20:56] UPDATE `tree` v, `temp_tree2` SET v.`id` = v.`id` , v.`title` = `temp_tree2`.`title` , v.`type` = `temp_tree2`.`type`  WHERE v.`id` = `temp_tree2`.`id`  <>
[2013-10-25 16:20:56] Connection error: Access denied for user 'root'@'localhost' (using password: NO) <>
[2013-10-25 16:20:56] Could node connect for query: SELECT `id` , `parent_id` , `position` , `left` , `right` , `level` , `title` , `type` FROM `tree` WHERE `parent_id` = 1 ORDER BY `position` ASC <>
[2013-10-25 16:20:56] No query pending <>
[2013-10-25 16:20:56] TRUNCATE TABLE `tree` <>
[2013-10-25 16:20:56] INSERT INTO `tree` (`id`, `parent_id`, `position`, `left`, `right`, `level` ) VALUES (1, 0, 0, 1, 2, 0 ) <>
[2013-10-25 16:20:56] SELECT `id` , `parent_id` , `position` , `left` , `right` , `level` , `title` , `type` FROM `tree` WHERE `id` = 0 <>
[2013-10-25 16:20:56] No query pending <>
[2013-10-25 16:20:56] nf: no result set <>
[2013-10-25 16:20:56] SELECT `id` , `parent_id` , `position` , `left` , `right` , `level` , `title` , `type` FROM `tree` WHERE `parent_id` = 0 ORDER BY `position` ASC <>
[2013-10-25 16:20:56] No query pending <>
[2013-10-25 16:20:56] SELECT `id` , `parent_id` , `position` , `left` , `right` , `level` , `title` , `type` FROM `tree` WHERE `id` = 1 <>
[2013-10-25 16:20:56] No query pending <>
[2013-10-25 16:20:56] nf: no result set <>
[2013-10-25 16:20:56] SELECT `id` , `parent_id` , `position` , `left` , `right` , `level` , `title` , `type` FROM `tree` WHERE `parent_id` = 1 ORDER BY `position` ASC <>
[2013-10-25 16:20:56] No query pending <>
[2013-10-25 16:20:56] UPDATE `tree` SET `position` = `position` + 1 WHERE `parent_id` = 1 AND `position` >= 0  AND `id` NOT IN (-1)  <>
[2013-10-25 16:20:56] UPDATE `tree` SET `left` = `left` + 2 WHERE `left` >= 1  AND `id` NOT IN (-1)  <>
[2013-10-25 16:20:56] UPDATE `tree` SET `right` = `right` + 2 WHERE `right` >= 1  AND `id` NOT IN (-1)  <>
[2013-10-25 16:20:56] INSERT INTO `tree` (`parent_id`, `position`, `left`, `right`, `level` ) VALUES (1, 0, 1, 2, 1) <>
[2013-10-25 16:20:56] SELECT `id` , `parent_id` , `position` , `left` , `right` , `level` , `title` , `type` FROM `tree` WHERE `id` = 0 <>
[2013-10-25 16:20:56] No query pending <>
[2013-10-25 16:20:56] nf: no result set <>
[2013-10-25 16:20:56] SELECT `id` , `parent_id` , `position` , `left` , `right` , `level` , `title` , `type` FROM `tree` WHERE `parent_id` = 0 ORDER BY `position` ASC <>
[2013-10-25 16:20:56] No query pending <>
[2013-10-25 16:20:56] SELECT `id` , `parent_id` , `position` , `left` , `right` , `level` , `title` , `type` FROM `tree` WHERE `id` = 1 <>
[2013-10-25 16:20:56] No query pending <>
[2013-10-25 16:20:56] nf: no result set <>
[2013-10-25 16:20:56] SELECT `id` , `parent_id` , `position` , `left` , `right` , `level` , `title` , `type` FROM `tree` WHERE `parent_id` = 1 ORDER BY `position` ASC <>
[2013-10-25 16:20:56] No query pending <>
[2013-10-25 16:20:56] UPDATE `tree` SET `position` = `position` + 1 WHERE `parent_id` = 1 AND `position` >= 0  AND `id` NOT IN (-1)  <>
[2013-10-25 16:20:56] UPDATE `tree` SET `left` = `left` + 2 WHERE `left` >= 1  AND `id` NOT IN (-1)  <>
[2013-10-25 16:20:56] UPDATE `tree` SET `right` = `right` + 2 WHERE `right` >= 1  AND `id` NOT IN (-1)  <>
[2013-10-25 16:20:56] INSERT INTO `tree` (`parent_id`, `position`, `left`, `right`, `level` ) VALUES (1, 0, 1, 2, 1) <>
[2013-10-25 16:20:56] SELECT `id` , `parent_id` , `position` , `left` , `right` , `level` , `title` , `type` FROM `tree` WHERE `id` = 0 <>
[2013-10-25 16:20:56] No query pending <>
[2013-10-25 16:20:56] nf: no result set <>
[2013-10-25 16:20:56] SELECT `id` , `parent_id` , `position` , `left` , `right` , `level` , `title` , `type` FROM `tree` WHERE `parent_id` = 0 ORDER BY `position` ASC <>
[2013-10-25 16:20:56] No query pending <>
[2013-10-25 16:20:56] SELECT `id` , `parent_id` , `position` , `left` , `right` , `level` , `title` , `type` FROM `tree` WHERE `id` = 2 <>
[2013-10-25 16:20:56] No query pending <>
[2013-10-25 16:20:56] nf: no result set <>
[2013-10-25 16:20:56] SELECT `id` , `parent_id` , `position` , `left` , `right` , `level` , `title` , `type` FROM `tree` WHERE `parent_id` = 2 ORDER BY `position` ASC <>
[2013-10-25 16:20:56] No query pending <>
[2013-10-25 16:20:56] UPDATE `tree` SET `position` = `position` + 1 WHERE `parent_id` = 2 AND `position` >= 0  AND `id` NOT IN (-1)  <>
[2013-10-25 16:20:56] UPDATE `tree` SET `left` = `left` + 2 WHERE `left` >= 1  AND `id` NOT IN (-1)  <>
[2013-10-25 16:20:56] UPDATE `tree` SET `right` = `right` + 2 WHERE `right` >= 1  AND `id` NOT IN (-1)  <>
[2013-10-25 16:20:56] INSERT INTO `tree` (`parent_id`, `position`, `left`, `right`, `level` ) VALUES (2, 0, 1, 2, 1) <>
[2013-10-25 16:20:56] SELECT `id` , `parent_id` , `position` , `left` , `right` , `level` , `title` , `type` FROM `tree` WHERE `id` = 0 <>
[2013-10-25 16:20:56] No query pending <>
[2013-10-25 16:20:56] nf: no result set <>
[2013-10-25 16:20:56] SELECT `id` , `parent_id` , `position` , `left` , `right` , `level` , `title` , `type` FROM `tree` WHERE `parent_id` = 0 ORDER BY `position` ASC <>
[2013-10-25 16:20:56] No query pending <>
[2013-10-25 16:20:56] SELECT `id` , `parent_id` , `position` , `left` , `right` , `level` , `title` , `type` FROM `tree` WHERE `id` = 2 <>
[2013-10-25 16:20:56] No query pending <>
[2013-10-25 16:20:56] nf: no result set <>
[2013-10-25 16:20:56] SELECT `id` , `parent_id` , `position` , `left` , `right` , `level` , `title` , `type` FROM `tree` WHERE `parent_id` = 2 ORDER BY `position` ASC <>
[2013-10-25 16:20:56] No query pending <>
[2013-10-25 16:20:56] UPDATE `tree` SET `position` = `position` + 1 WHERE `parent_id` = 2 AND `position` >= 0  AND `id` NOT IN (-1)  <>
[2013-10-25 16:20:56] UPDATE `tree` SET `left` = `left` + 2 WHERE `left` >= 1  AND `id` NOT IN (-1)  <>
[2013-10-25 16:20:56] UPDATE `tree` SET `right` = `right` + 2 WHERE `right` >= 1  AND `id` NOT IN (-1)  <>
[2013-10-25 16:20:56] INSERT INTO `tree` (`parent_id`, `position`, `left`, `right`, `level` ) VALUES (2, 0, 1, 2, 1) <>
[2013-10-25 16:20:56] SELECT `id` , `parent_id` , `position` , `left` , `right` , `level` , `title` , `type` FROM `tree` WHERE `id` = 0 <>
[2013-10-25 16:20:56] No query pending <>
[2013-10-25 16:20:56] nf: no result set <>
[2013-10-25 16:20:56] SELECT `id` , `parent_id` , `position` , `left` , `right` , `level` , `title` , `type` FROM `tree` WHERE `parent_id` = 0 ORDER BY `position` ASC <>
[2013-10-25 16:20:56] No query pending <>
[2013-10-25 16:20:56] SELECT `id` , `parent_id` , `position` , `left` , `right` , `level` , `title` , `type` FROM `tree` WHERE `id` = 4 <>
[2013-10-25 16:20:56] No query pending <>
[2013-10-25 16:20:56] nf: no result set <>
[2013-10-25 16:20:56] SELECT `id` , `parent_id` , `position` , `left` , `right` , `level` , `title` , `type` FROM `tree` WHERE `parent_id` = 4 ORDER BY `position` ASC <>
[2013-10-25 16:20:56] No query pending <>
[2013-10-25 16:20:56] UPDATE `tree` SET `position` = `position` + 1 WHERE `parent_id` = 4 AND `position` >= 0  AND `id` NOT IN (-1)  <>
[2013-10-25 16:20:56] UPDATE `tree` SET `left` = `left` + 2 WHERE `left` >= 1  AND `id` NOT IN (-1)  <>
[2013-10-25 16:20:56] UPDATE `tree` SET `right` = `right` + 2 WHERE `right` >= 1  AND `id` NOT IN (-1)  <>
[2013-10-25 16:20:56] INSERT INTO `tree` (`parent_id`, `position`, `left`, `right`, `level` ) VALUES (4, 0, 1, 2, 1) <>
[2013-10-25 16:20:56] SELECT `id` , `parent_id` , `position` , `left` , `right` , `level` , `title` , `type` FROM `tree` WHERE `id` = 0 <>
[2013-10-25 16:20:56] No query pending <>
[2013-10-25 16:20:56] nf: no result set <>
[2013-10-25 16:20:56] SELECT `id` , `parent_id` , `position` , `left` , `right` , `level` , `title` , `type` FROM `tree` WHERE `parent_id` = 0 ORDER BY `position` ASC <>
[2013-10-25 16:20:56] No query pending <>
[2013-10-25 16:20:56] SELECT `id` , `parent_id` , `position` , `left` , `right` , `level` , `title` , `type` FROM `tree` WHERE `id` = 5 <>
[2013-10-25 16:20:56] No query pending <>
[2013-10-25 16:20:56] nf: no result set <>
[2013-10-25 16:20:56] SELECT `id` , `parent_id` , `position` , `left` , `right` , `level` , `title` , `type` FROM `tree` WHERE `parent_id` = 5 ORDER BY `position` ASC <>
[2013-10-25 16:20:56] No query pending <>
[2013-10-25 16:20:56] UPDATE `tree` SET `position` = `position` + 1 WHERE `parent_id` = 5 AND `position` >= 0  AND `id` NOT IN (-1)  <>
[2013-10-25 16:20:56] UPDATE `tree` SET `left` = `left` + 2 WHERE `left` >= 1  AND `id` NOT IN (-1)  <>
[2013-10-25 16:20:56] UPDATE `tree` SET `right` = `right` + 2 WHERE `right` >= 1  AND `id` NOT IN (-1)  <>
[2013-10-25 16:20:56] INSERT INTO `tree` (`parent_id`, `position`, `left`, `right`, `level` ) VALUES (5, 0, 1, 2, 1) <>
[2013-10-25 16:20:56] SELECT `id` , `parent_id` , `position` , `left` , `right` , `level` , `title` , `type` FROM `tree` WHERE `parent_id` = 1 ORDER BY `position` ASC <>
[2013-10-25 16:20:56] No query pending <>
[2013-10-25 16:21:00] Connection error: Access denied for user 'root'@'localhost' (using password: NO) <>
[2013-10-25 16:21:00] Could node connect for query: SELECT `left` FROM `tree` s WHERE `parent_id` = 0  <>
[2013-10-25 16:21:00] No query pending <>
[2013-10-25 16:21:00] nf: no result set <>
[2013-10-25 16:21:00] SELECT COUNT(*) FROM `tree` s WHERE `parent_id` != 0 AND (SELECT COUNT(*) FROM `tree` WHERE `id` = s.`parent_id`) = 0  <>
[2013-10-25 16:21:00] No query pending <>
[2013-10-25 16:21:00] SELECT MAX(`right`) FROM `tree` <>
[2013-10-25 16:21:00] No query pending <>
[2013-10-25 16:21:00] SELECT COUNT(*) FROM `tree` <>
[2013-10-25 16:21:00] No query pending <>
[2013-10-25 16:21:00] SELECT COUNT(`id`) FROM `tree` s WHERE (SELECT COUNT(*) FROM `tree` WHERE `right` < s.`right` AND `left` > s.`left` AND `level` = s.`level` + 1) != (SELECT COUNT(*) FROM `tree` WHERE `parent_id` = s.`id`)  <>
[2013-10-25 16:21:00] No query pending <>
